#6b6bd3d3ffff
#00007575b5b5
no service setting
No more users to load
running tasks: 1
getting tweets with danielwould
base url = https://twitter.com/
base url of api object = https://twitter.com/
fetching tweets from https://twitter.com/statuses/friends_timeline.json
running tasks: 2
getting dms
running tasks: 3
getting mentions
end refresh setup
looking for image /home/user/.witterPics/8947082.jpg
profile pic url http://a1.twimg.com/profile_images/401824794/laura1-square_normal.jpg
file ages is Wed 17 Mar/2010 13:43
Wed 17 Mar/2010 13:43
looking for image /home/user/.witterPics/5802762.jpg
profile pic url http://a3.twimg.com/profile_images/644512199/wideye_normal.jpg
file ages is Wed 17 Mar/2010 15:42
Wed 17 Mar/2010 15:42
looking for image /home/user/.witterPics/9900492.jpg
profile pic url http://a3.twimg.com/profile_images/322739053/orbs_normal.png
file ages is Wed 17 Mar/2010 12:37
Wed 17 Mar/2010 12:37
reply to DanielWould
looking for image /home/user/.witterPics/9900492.jpg
profile pic url http://a3.twimg.com/profile_images/322739053/orbs_normal.png
file ages is Wed 17 Mar/2010 12:37
Wed 17 Mar/2010 12:37
looking for image /home/user/.witterPics/8975382.jpg
profile pic url http://a3.twimg.com/profile_images/198286129/james_normal.jpg
file ages is Wed 17 Mar/2010 15:42
Wed 17 Mar/2010 15:42
looking for image /home/user/.witterPics/18713254.jpg
profile pic url http://a3.twimg.com/profile_images/650495417/IMG_8010_2_normal.jpg
file ages is Wed 17 Mar/2010 11:50
Wed 17 Mar/2010 11:50
29
looking for image /home/user/.witterPics/18393773.jpg
profile pic url http://a1.twimg.com/profile_images/615028158/chainsaw_normal.jpg
file ages is Wed 17 Mar/2010 15:42
Wed 17 Mar/2010 15:42
looking for image /home/user/.witterPics/657163.jpg
profile pic url 
file ages is Wed 17 Mar/2010 11:50
Wed 17 Mar/2010 11:50
looking for image /home/user/.witterPics/19627001.jpg
profile pic url 
file ages is Wed 17 Mar/2010 15:42
Wed 17 Mar/2010 15:42
looking for image /home/user/.witterPics/18393773.jpg
profile pic url http://a1.twimg.com/profile_images/615028158/chainsaw_normal.jpg
file ages is Wed 17 Mar/2010 15:42
Wed 17 Mar/2010 15:42
looking for image /home/user/.witterPics/657163.jpg
profile pic url 
file ages is Wed 17 Mar/2010 11:50
Wed 17 Mar/2010 11:50
looking for image /home/user/.witterPics/618593.jpg
profile pic url http://a3.twimg.com/profile_images/425092539/vader_normal_normal.png
file ages is Wed 17 Mar/2010 15:42
Wed 17 Mar/2010 15:42
looking for image /home/user/.witterPics/19068456.jpg
profile pic url 
file ages is Wed 17 Mar/2010 11:50
Wed 17 Mar/2010 11:50
looking for image /home/user/.witterPics/15220934.jpg
profile pic url 
file ages is Wed 17 Mar/2010 11:50
Wed 17 Mar/2010 11:50
looking for image /home/user/.witterPics/657163.jpg
profile pic url 
file ages is Wed 17 Mar/2010 11:50
Wed 17 Mar/2010 11:50
looking for image /home/user/.witterPics/657163.jpg
profile pic url 
file ages is Wed 17 Mar/2010 11:50
Wed 17 Mar/2010 11:50
looking for image /home/user/.witterPics/618593.jpg
profile pic url http://a3.twimg.com/profile_images/425092539/vader_normal_normal.png
file ages is Wed 17 Mar/2010 15:42
Wed 17 Mar/2010 15:42
looking for image /home/user/.witterPics/2544141.jpg
profile pic url http://a3.twimg.com/profile_images/369734307/avatar_normal.jpg
file ages is Wed 17 Mar/2010 15:42
Wed 17 Mar/2010 15:42
looking for image /home/user/.witterPics/15661871.jpg
profile pic url http://a3.twimg.com/profile_images/347823051/Adam_Savage_Plushie_by_Elvira_kruspe_normal.jpg
file ages is Wed 17 Mar/2010 15:42
Wed 17 Mar/2010 15:42
looking for image /home/user/.witterPics/657163.jpg
profile pic url 
file ages is Wed 17 Mar/2010 11:50
Wed 17 Mar/2010 11:50
looking for image /home/user/.witterPics/657163.jpg
profile pic url 
file ages is Wed 17 Mar/2010 11:50
Wed 17 Mar/2010 11:50
looking for image /home/user/.witterPics/657163.jpg
profile pic url 
file ages is Wed 17 Mar/2010 11:50
Wed 17 Mar/2010 11:50
looking for image /home/user/.witterPics/15661871.jpg
profile pic url http://a3.twimg.com/profile_images/347823051/Adam_Savage_Plushie_by_Elvira_kruspe_normal.jpg
file ages is Wed 17 Mar/2010 15:42
Wed 17 Mar/2010 15:42
looking for image /home/user/.witterPics/657163.jpg
profile pic url 
file ages is Wed 17 Mar/2010 11:50
Wed 17 Mar/2010 11:50
looking for image /home/user/.witterPics/786491.jpg
profile pic url 
file ages is Wed 17 Mar/2010 11:50
Wed 17 Mar/2010 11:50
looking for image /home/user/.witterPics/786491.jpg
profile pic url 
file ages is Wed 17 Mar/2010 11:50
Wed 17 Mar/2010 11:50
looking for image /home/user/.witterPics/19068456.jpg
profile pic url 
file ages is Wed 17 Mar/2010 11:50
Wed 17 Mar/2010 11:50
looking for image /home/user/.witterPics/19068456.jpg
profile pic url 
file ages is Wed 17 Mar/2010 11:50
Wed 17 Mar/2010 11:50
looking for image /home/user/.witterPics/786491.jpg
profile pic url 
file ages is Wed 17 Mar/2010 11:50
Wed 17 Mar/2010 11:50
looking for image /home/user/.witterPics/657163.jpg
profile pic url 
file ages is Wed 17 Mar/2010 11:50
Wed 17 Mar/2010 11:50
looking for image /home/user/.witterPics/15220934.jpg
profile pic url 
file ages is Wed 17 Mar/2010 11:50
Wed 17 Mar/2010 11:50
looking for image /home/user/.witterPics/24875901.jpg
profile pic url 
io error
[Errno 2] No such file or directory: ''
looking for image /home/user/.witterPics/18267528.jpg
profile pic url 
file ages is Wed 17 Mar/2010 15:42
Wed 17 Mar/2010 15:42
running tasks: 2
looking for image /home/user/.witterPics/18356938.jpg
profile pic url http://a3.twimg.com/profile_images/691150545/100_0901_crop_normal.jpg
file ages is Thu 18 Mar/2010 11:04
Thu 18 Mar/2010 11:04
reply to DanielWould
18
looking for image /home/user/.witterPics/618593.jpg
profile pic url http://a3.twimg.com/profile_images/425092539/vader_normal_normal.png
file ages is Wed 17 Mar/2010 15:42
Wed 17 Mar/2010 15:42
looking for image /home/user/.witterPics/15661871.jpg
profile pic url http://a3.twimg.com/profile_images/347823051/Adam_Savage_Plushie_by_Elvira_kruspe_normal.jpg
file ages is Wed 17 Mar/2010 15:42
Wed 17 Mar/2010 15:42
looking for image /home/user/.witterPics/12268012.jpg
profile pic url http://a3.twimg.com/profile_images/326329803/quizzical_normal.jpg
file ages is Wed 17 Mar/2010 13:36
Wed 17 Mar/2010 13:36
looking for image /home/user/.witterPics/6705042.jpg
profile pic url http://a3.twimg.com/profile_images/70122555/n668387510_88777_2191_normal.jpg
file ages is Wed 17 Mar/2010 11:50
Wed 17 Mar/2010 11:50
looking for image /home/user/.witterPics/15349214.jpg
profile pic url http://a3.twimg.com/profile_images/68994493/12036298_normal.jpeg
file ages is Wed 17 Mar/2010 15:42
Wed 17 Mar/2010 15:42
looking for image /home/user/.witterPics/18393773.jpg
profile pic url http://a1.twimg.com/profile_images/615028158/chainsaw_normal.jpg
file ages is Wed 17 Mar/2010 15:42
Wed 17 Mar/2010 15:42
looking for image /home/user/.witterPics/15349214.jpg
profile pic url http://a3.twimg.com/profile_images/68994493/12036298_normal.jpeg
file ages is Wed 17 Mar/2010 15:42
Wed 17 Mar/2010 15:42
running tasks: 1
looking for image /home/user/.witterPics/71058343.jpg
profile pic url http://a3.twimg.com/profile_images/395221617/icon_normal.JPG
file ages is Wed 17 Mar/2010 20:10
Wed 17 Mar/2010 20:10
looking for image /home/user/.witterPics/16439764.jpg
profile pic url http://a3.twimg.com/profile_images/61151277/f82e2c13_normal.jpg
file ages is Thu 18 Mar/2010 10:04
Thu 18 Mar/2010 10:04
reply to DanielWould
looking for image /home/user/.witterPics/19068456.jpg
profile pic url http://a1.twimg.com/profile_images/71613688/small_normal.jpg
file ages is Wed 17 Mar/2010 11:50
Wed 17 Mar/2010 11:50
reply to DanielWould
looking for image /home/user/.witterPics/71058343.jpg
profile pic url http://a3.twimg.com/profile_images/395221617/icon_normal.JPG
file ages is Wed 17 Mar/2010 20:10
Wed 17 Mar/2010 20:10
reply to DanielWould
<hildon.Button object at 0x40a6f5a8 (HildonButton at 0x39d1f8)>
search
looking for image /home/user/.witterPics/63858367.jpg
profile pic url http://a3.twimg.com/profile_images/377668899/23082009540_normal.jpg
file ages is Wed 17 Mar/2010 22:37
Wed 17 Mar/2010 22:37
reply to DanielWould
running tasks: 2
performing search
search url https://search.twitter.com/search.json?q=%23Witter
looking for image /home/user/.witterPics/73605653.jpg
profile pic url http://a1.twimg.com/profile_images/735906230/code_normal.Jpeg
file ages is Wed 17 Mar/2010 11:50
Wed 17 Mar/2010 11:50
reply to DanielWould
search result from userid: 46148553
looking for image /home/user/.witterPics/46148553.jpg
profile pic url 
io error
[Errno 2] No such file or directory: ''
search result from userid: 3170201
looking for image /home/user/.witterPics/3170201.jpg
profile pic url 
io error
[Errno 2] No such file or directory: ''
search result from userid: 32998155
looking for image /home/user/.witterPics/32998155.jpg
profile pic url 
io error
[Errno 2] No such file or directory: ''
search result from userid: 3170201
looking for image /home/user/.witterPics/3170201.jpg
profile pic url 
io error
[Errno 2] No such file or directory: ''
search result from userid: 3170201
looking for image /home/user/.witterPics/3170201.jpg
profile pic url 
io error
[Errno 2] No such file or directory: ''
search result from userid: 3170201
looking for image /home/user/.witterPics/3170201.jpg
profile pic url 
io error
[Errno 2] No such file or directory: ''
search result from userid: 3170201
looking for image /home/user/.witterPics/3170201.jpg
profile pic url 
io error
[Errno 2] No such file or directory: ''
search result from userid: 1704326
looking for image /home/user/.witterPics/1704326.jpg
profile pic url 
io error
[Errno 2] No such file or directory: ''
search result from userid: 87189187
looking for image /home/user/.witterPics/87189187.jpg
profile pic url 
io error
[Errno 2] No such file or directory: ''
search result from userid: 7513272
looking for image /home/user/.witterPics/7513272.jpg
profile pic url 
io error
[Errno 2] No such file or directory: ''
search result from userid: 909379
looking for image /home/user/.witterPics/909379.jpg
profile pic url 
io error
[Errno 2] No such file or directory: ''
search result from userid: 33805109
looking for image /home/user/.witterPics/33805109.jpg
profile pic url 
io error
[Errno 2] No such file or directory: ''
23
search result from userid: 549910
looking for image /home/user/.witterPics/549910.jpg
profile pic url 
io error
[Errno 2] No such file or directory: ''
looking for image /home/user/.witterPics/71058343.jpg
profile pic url http://a3.twimg.com/profile_images/395221617/icon_normal.JPG
file ages is Wed 17 Mar/2010 20:10
Wed 17 Mar/2010 20:10
search result from userid: 6858942
looking for image /home/user/.witterPics/6858942.jpg
profile pic url 
io error
[Errno 2] No such file or directory: ''
reply to DanielWould
search result from userid: 1643615
looking for image /home/user/.witterPics/1643615.jpg
profile pic url 
io error
[Errno 2] No such file or directory: ''
search url https://search.twitter.com/search.json?q=+%23n900
looking for image /home/user/.witterPics/71058343.jpg
profile pic url http://a3.twimg.com/profile_images/395221617/icon_normal.JPG
file ages is Wed 17 Mar/2010 20:10
Wed 17 Mar/2010 20:10
reply to DanielWould
24
search result from userid: 141133
looking for image /home/user/.witterPics/141133.jpg
profile pic url 
io error
[Errno 2] No such file or directory: ''
search result from userid: 75671189
looking for image /home/user/.witterPics/75671189.jpg
profile pic url 
io error
[Errno 2] No such file or directory: ''
search result from userid: 1052383
looking for image /home/user/.witterPics/1052383.jpg
profile pic url 
io error
[Errno 2] No such file or directory: ''
search result from userid: 949671
looking for image /home/user/.witterPics/949671.jpg
profile pic url 
io error
[Errno 2] No such file or directory: ''
looking for image /home/user/.witterPics/19013122.jpg
profile pic url http://a1.twimg.com/profile_images/670892748/Copia_de_holamad_square_orig_normal.jpg
file ages is Wed 17 Mar/2010 20:20
Wed 17 Mar/2010 20:20
21
search result from userid: 711981
looking for image /home/user/.witterPics/711981.jpg
profile pic url 
io error
[Errno 2] No such file or directory: ''
reply to DanielWould
search result from userid: 85579239
looking for image /home/user/.witterPics/85579239.jpg
profile pic url 
io error
[Errno 2] No such file or directory: ''
21
search result from userid: 431046
looking for image /home/user/.witterPics/431046.jpg
profile pic url 
io error
[Errno 2] No such file or directory: ''
search result from userid: 18719968
looking for image /home/user/.witterPics/18719968.jpg
profile pic url 
io error
[Errno 2] No such file or directory: ''
search result from userid: 1704326
looking for image /home/user/.witterPics/1704326.jpg
profile pic url 
io error
[Errno 2] No such file or directory: ''
22
search result from userid: 12593469
looking for image /home/user/.witterPics/12593469.jpg
profile pic url 
io error
[Errno 2] No such file or directory: ''
looking for image /home/user/.witterPics/71058343.jpg
profile pic url http://a3.twimg.com/profile_images/395221617/icon_normal.JPG
file ages is Wed 17 Mar/2010 20:10
Wed 17 Mar/2010 20:10
looking for image /home/user/.witterPics/19068456.jpg
profile pic url http://a1.twimg.com/profile_images/71613688/small_normal.jpg
file ages is Wed 17 Mar/2010 11:50
Wed 17 Mar/2010 11:50
reply to DanielWould
33
search result from userid: 49628013
looking for image /home/user/.witterPics/49628013.jpg
profile pic url 
io error
[Errno 2] No such file or directory: ''
search result from userid: 28930404
looking for image /home/user/.witterPics/28930404.jpg
profile pic url 
io error
[Errno 2] No such file or directory: ''
search result from userid: 28930404
looking for image /home/user/.witterPics/28930404.jpg
profile pic url 
io error
[Errno 2] No such file or directory: ''
search result from userid: 431046
looking for image /home/user/.witterPics/431046.jpg
profile pic url 
io error
[Errno 2] No such file or directory: ''
search result from userid: 862174
looking for image /home/user/.witterPics/862174.jpg
profile pic url 
io error
[Errno 2] No such file or directory: ''
running tasks: 1
looking for image /home/user/.witterPics/19068456.jpg
profile pic url http://a1.twimg.com/profile_images/71613688/small_normal.jpg
file ages is Wed 17 Mar/2010 11:50
Wed 17 Mar/2010 11:50
reply to DanielWould
looking for image /home/user/.witterPics/25212097.jpg
profile pic url http://a1.twimg.com/profile_images/213799514/012_Me_for_facebook_normal.jpg
file ages is Wed 17 Mar/2010 11:50
Wed 17 Mar/2010 11:50
reply to DanielWould
looking for image /home/user/.witterPics/14224245.jpg
profile pic url http://a1.twimg.com/profile_images/123027748/Cartoon_Sheep_normal.jpg
file ages is Wed 17 Mar/2010 11:50
Wed 17 Mar/2010 11:50
reply to DanielWould
looking for image /home/user/.witterPics/27724986.jpg
profile pic url http://a1.twimg.com/profile_images/587953530/DSC_0262_2_normal.JPG
file ages is Wed 17 Mar/2010 11:50
Wed 17 Mar/2010 11:50
looking for image /home/user/.witterPics/27724986.jpg
profile pic url http://a1.twimg.com/profile_images/587953530/DSC_0262_2_normal.JPG
file ages is Wed 17 Mar/2010 11:50
Wed 17 Mar/2010 11:50
reply to DanielWould
looking for image /home/user/.witterPics/73605653.jpg
profile pic url http://a1.twimg.com/profile_images/735906230/code_normal.Jpeg
file ages is Wed 17 Mar/2010 11:50
Wed 17 Mar/2010 11:50
reply to DanielWould
looking for image /home/user/.witterPics/40127848.jpg
profile pic url http://a3.twimg.com/profile_images/756515813/headshot_halftone_normal.jpg
file ages is Wed 17 Mar/2010 11:50
Wed 17 Mar/2010 11:50
looking for image /home/user/.witterPics/15220934.jpg
profile pic url http://a3.twimg.com/profile_images/83335239/myeye_normal.jpg
file ages is Wed 17 Mar/2010 11:50
Wed 17 Mar/2010 11:50
running tasks: 0
building menu
running tasks: 1
running tasks: 0
scroll to last known position
scroll to last known position
<hildon.Button object at 0x406638f0 (HildonButton at 0x39d018)>
timeline
running tasks: 1
getting tweets with danielwould
base url = https://twitter.com/
base url of api object = https://twitter.com/
refreshing since10712052873
fetching tweets from https://twitter.com/statuses/friends_timeline.json
reply to haerwu
looking for image /home/user/.witterPics/16070246.jpg
profile pic url http://a3.twimg.com/profile_images/368259497/3819511541_9a1f37f0b7_b_normal.jpg
file ages is Wed 17 Mar/2010 19:26
Wed 17 Mar/2010 19:26
running tasks: 0
running tasks: 1
getting tweets with danielwould
base url = https://twitter.com/
base url of api object = https://twitter.com/
refreshing since10712287014
fetching tweets from https://twitter.com/statuses/friends_timeline.json running tasks: 2
getting dms
refreshing since10685302794

running tasks: 1
looking for image /home/user/.witterPics/17753033.jpg
profile pic url http://a1.twimg.com/profile_images/730395418/aaa_normal.jpg
file ages is Wed 17 Mar/2010 15:42
Wed 17 Mar/2010 15:42
looking for image /home/user/.witterPics/22151193.jpg
profile pic url http://a1.twimg.com/profile_images/744043464/QI-LOGO-TWITTER-BIG_normal.png
file ages is Wed 17 Mar/2010 15:42
Wed 17 Mar/2010 15:42
looking for image /home/user/.witterPics/1077971.jpg
profile pic url http://a1.twimg.com/profile_images/536963972/DSC_0247_normal.jpg
file ages is Wed 17 Mar/2010 11:50
Wed 17 Mar/2010 11:50
running tasks: 0
running tasks: 1
getting mentions
refreshing since10685302794
reply to DanielWould
looking for image /home/user/.witterPics/18356938.jpg
profile pic url http://a3.twimg.com/profile_images/691150545/100_0901_crop_normal.jpg
file ages is Thu 18 Mar/2010 11:04
Thu 18 Mar/2010 11:04
running tasks: 0
running tasks: 1
getting tweets with danielwould
base url = https://twitter.com/
running tasks: 2
getting dms
refreshing since10712834473
base url of api object = https://twitter.com/
refreshing since10712878225
fetching tweets from https://twitter.com/statuses/friends_timeline.json
running tasks: 1
looking for image /home/user/.witterPics/13954342.jpg
profile pic url http://a3.twimg.com/profile_images/67351055/4068774a9096083541l_normal.jpg
file ages is Wed 17 Mar/2010 15:42
Wed 17 Mar/2010 15:42
looking for image /home/user/.witterPics/1077971.jpg
profile pic url http://a1.twimg.com/profile_images/536963972/DSC_0247_normal.jpg
file ages is Wed 17 Mar/2010 11:50
Wed 17 Mar/2010 11:50
18
looking for image /home/user/.witterPics/1077971.jpg
profile pic url http://a1.twimg.com/profile_images/536963972/DSC_0247_normal.jpg
file ages is Wed 17 Mar/2010 11:50
Wed 17 Mar/2010 11:50
running tasks: 0
running tasks: 1
getting mentions
refreshing since10712834473
running tasks: 0
scroll to last known position
running tasks: 1
getting dms
refreshing since10712834473
running tasks: 2
getting tweets with danielwould
base url = https://twitter.com/
base url of api object = https://twitter.com/
refreshing since10713189282
fetching tweets from https://twitter.com/statuses/friends_timeline.json
running tasks: 1
looking for image /home/user/.witterPics/1077971.jpg
profile pic url http://a1.twimg.com/profile_images/536963972/DSC_0247_normal.jpg
file ages is Wed 17 Mar/2010 11:50
Wed 17 Mar/2010 11:50
looking for image /home/user/.witterPics/786491.jpg
profile pic url http://a3.twimg.com/profile_images/574073603/andypiper-av-600sq_normal.jpg
file ages is Wed 17 Mar/2010 11:50
Wed 17 Mar/2010 11:50
looking for image /home/user/.witterPics/786491.jpg
profile pic url http://a3.twimg.com/profile_images/574073603/andypiper-av-600sq_normal.jpg
file ages is Wed 17 Mar/2010 11:50
Wed 17 Mar/2010 11:50
running tasks: 0
running tasks: 1
getting mentions
refreshing since10712834473
running tasks: 0
running tasks: 1
getting dms
refreshing since10712834473
running tasks: 2
getting tweets with danielwould
base url = https://twitter.com/
base url of api object = https://twitter.com/
refreshing since10713903774
fetching tweets from https://twitter.com/statuses/friends_timeline.json
running tasks: 1
looking for image /home/user/.witterPics/657163.jpg
profile pic url http://a1.twimg.com/profile_images/19642582/informal_profile_small2_normal.jpg
file ages is Wed 17 Mar/2010 11:50
Wed 17 Mar/2010 11:50
looking for image /home/user/.witterPics/786491.jpg
profile pic url http://a3.twimg.com/profile_images/574073603/andypiper-av-600sq_normal.jpg
file ages is Wed 17 Mar/2010 11:50
Wed 17 Mar/2010 11:50
looking for image /home/user/.witterPics/657163.jpg
profile pic url http://a1.twimg.com/profile_images/19642582/informal_profile_small2_normal.jpg
file ages is Wed 17 Mar/2010 11:50
Wed 17 Mar/2010 11:50
looking for image /home/user/.witterPics/14482059.jpg
profile pic url http://a3.twimg.com/profile_images/53164343/DSC_0250_normal.JPG
file ages is Wed 17 Mar/2010 11:50
Wed 17 Mar/2010 11:50
running tasks: 0
running tasks: 1
getting mentions
refreshing since10712834473
running tasks: 0
scroll to last known position
running tasks: 1
getting dms
refreshing since10712834473
running tasks: 2
getting tweets with danielwould
base url = https://twitter.com/
base url of api object = https://twitter.com/
refreshing since10715044421
fetching tweets from https://twitter.com/statuses/friends_timeline.json
error
Error retrieving dms (-2, 'Name or service not known')
running tasks: 1
error
Error retrieving tweets (-2, 'Name or service not known')
running tasks: 0
running tasks: 1
getting mentions
refreshing since10712834473
error
Error retrieving mentions (-2, 'Name or service not known')
running tasks: 0
scroll to last known position
scroll to last known position
<hildon.Button object at 0x40f6ca58 (HildonButton at 0x39d1f8)>
search
running tasks: 1
performing search
nothing to search
running tasks: 0
<hildon.Button object at 0x40f6ca58 (HildonButton at 0x39d1f8)>
search
running tasks: 1
performing search
nothing to search
running tasks: 0
<hildon.Button object at 0x40f6ca58 (HildonButton at 0x39d1f8)>
search
scroll to last known position
scroll to last known position
running tasks: 1
performing search
search url https://search.twitter.com/search.json?q=%23Witter
search url https://search.twitter.com/search.json?q=+%23n900
running tasks: 0
<hildon.Button object at 0x40a7d418 (HildonButton at 0x39d1f8)>
search
running tasks: 1
performing search
search url https://search.twitter.com/search.json?q=%23Witter
scroll to last known position
scroll to last known position
search url https://search.twitter.com/search.json?q=+%23n900
running tasks: 0
running tasks: 1
getting tweets with danielwould
base url = https://twitter.com/
base url of api object = https://twitter.com/
refreshing since10715044421
fetching tweets from https://twitter.com/statuses/friends_timeline.json
running tasks: 2
getting dms
refreshing since10712834473
error
Error retrieving dms (-2, 'Name or service not known')
running tasks: 1
error
Error retrieving tweets (-2, 'Name or service not known')
running tasks: 0
running tasks: 1
getting mentions
refreshing since10712834473
error
Error retrieving mentions (-2, 'Name or service not known')
running tasks: 0
running tasks: 1
getting tweets with danielwould
base url = https://twitter.com/
base url of api object = https://twitter.com/
refreshing since10715044421
fetching tweets from https://twitter.com/statuses/friends_timeline.json
running tasks: 2
getting dms
refreshing since10712834473
error
Error retrieving tweets (-2, 'Name or service not known')
running tasks: 1
error
Error retrieving dms (-2, 'Name or service not known')
running tasks: 0
running tasks: 1
getting mentions
refreshing since10712834473
error
Error retrieving mentions (-2, 'Name or service not known')
running tasks: 0
running tasks: 1
getting dms
refreshing since10712834473
running tasks: 2
getting tweets with danielwould
base url = https://twitter.com/
base url of api object = https://twitter.com/
refreshing since10715044421
fetching tweets from https://twitter.com/statuses/friends_timeline.json
error
Error retrieving tweets (-2, 'Name or service not known')
running tasks: 1
error
Error retrieving dms (-2, 'Name or service not known')
running tasks: 0
running tasks: 1
getting mentions
refreshing since10712834473
error
Error retrieving mentions (-2, 'Name or service not known')
running tasks: 0
running tasks: 1
getting dms
refreshing since10712834473
running tasks: 2
getting tweets with danielwould
base url = https://twitter.com/
base url of api object = https://twitter.com/
refreshing since10715044421
fetching tweets from https://twitter.com/statuses/friends_timeline.json
error
Error retrieving tweets (-2, 'Name or service not known')
running tasks: 1
error
Error retrieving dms (-2, 'Name or service not known')
running tasks: 0
running tasks: 1
getting mentions
refreshing since10712834473
error
Error retrieving mentions (-2, 'Name or service not known')
running tasks: 0
scroll to last known position
running tasks: 1
getting tweets with danielwould
base url = https://twitter.com/
base url of api object = https://twitter.com/
refreshing since10715044421
fetching tweets from https://twitter.com/statuses/friends_timeline.json
error
Error retrieving tweets (-2, 'Name or service not known')
running tasks: 0
<hildon.Button object at 0x40a61788 (HildonButton at 0x39d018)>
timeline
<hildon.Button object at 0x40a5dd78 (HildonButton at 0x39d018)>
timeline
<hildon.Button object at 0x40a61648 (HildonButton at 0x39d018)>
timeline
<hildon.Button object at 0x40a5d968 (HildonButton at 0x39d0b8)>
mentions
running tasks: 1
getting mentions
refreshing since10712834473
running tasks: 0
<hildon.Button object at 0x40a61648 (HildonButton at 0x39d018)>
timeline
running tasks: 1
getting tweets with danielwould
base url = https://twitter.com/
base url of api object = https://twitter.com/
refreshing since10715044421
fetching tweets from https://twitter.com/statuses/friends_timeline.json
looking for image /home/user/.witterPics/9129292.jpg
profile pic url http://a3.twimg.com/profile_images/64681351/IMG_3645small_normal.JPG
file ages is Wed 17 Mar/2010 11:50
Wed 17 Mar/2010 11:50
21
looking for image /home/user/.witterPics/786491.jpg
profile pic url http://a3.twimg.com/profile_images/574073603/andypiper-av-600sq_normal.jpg
file ages is Wed 17 Mar/2010 11:50
Wed 17 Mar/2010 11:50
looking for image /home/user/.witterPics/36915033.jpg
profile pic url http://a1.twimg.com/profile_images/206680712/meHat2_normal.jpg
file ages is Wed 17 Mar/2010 15:42
Wed 17 Mar/2010 15:42
looking for image /home/user/.witterPics/9129292.jpg
profile pic url http://a3.twimg.com/profile_images/64681351/IMG_3645small_normal.JPG
file ages is Wed 17 Mar/2010 11:50
Wed 17 Mar/2010 11:50
looking for image /home/user/.witterPics/786491.jpg
profile pic url http://a3.twimg.com/profile_images/574073603/andypiper-av-600sq_normal.jpg
file ages is Wed 17 Mar/2010 11:50
Wed 17 Mar/2010 11:50
looking for image /home/user/.witterPics/18713254.jpg
profile pic url http://a3.twimg.com/profile_images/650495417/IMG_8010_2_normal.jpg
file ages is Wed 17 Mar/2010 11:50
Wed 17 Mar/2010 11:50
looking for image /home/user/.witterPics/14482059.jpg
profile pic url http://a3.twimg.com/profile_images/53164343/DSC_0250_normal.JPG
file ages is Wed 17 Mar/2010 11:50
Wed 17 Mar/2010 11:50
looking for image /home/user/.witterPics/19742143.jpg
profile pic url http://a1.twimg.com/profile_images/590237540/artwork-its-up-for-grabs-now-3.0_normal.jpg
file ages is Wed 17 Mar/2010 15:42
Wed 17 Mar/2010 15:42
looking for image /home/user/.witterPics/9129292.jpg
profile pic url http://a3.twimg.com/profile_images/64681351/IMG_3645small_normal.JPG
file ages is Wed 17 Mar/2010 11:50
Wed 17 Mar/2010 11:50
reply to lauracowen
looking for image /home/user/.witterPics/14482059.jpg
profile pic url http://a3.twimg.com/profile_images/53164343/DSC_0250_normal.JPG
file ages is Wed 17 Mar/2010 11:50
Wed 17 Mar/2010 11:50
looking for image /home/user/.witterPics/36915033.jpg
profile pic url http://a1.twimg.com/profile_images/206680712/meHat2_normal.jpg
file ages is Wed 17 Mar/2010 15:42
Wed 17 Mar/2010 15:42
reply to gavinwillingham
looking for image /home/user/.witterPics/8947082.jpg
profile pic url http://a1.twimg.com/profile_images/401824794/laura1-square_normal.jpg
file ages is Wed 17 Mar/2010 13:43
Wed 17 Mar/2010 13:43
looking for image /home/user/.witterPics/19742143.jpg
profile pic url http://a1.twimg.com/profile_images/590237540/artwork-its-up-for-grabs-now-3.0_normal.jpg
file ages is Wed 17 Mar/2010 15:42
Wed 17 Mar/2010 15:42
looking for image /home/user/.witterPics/12268012.jpg
profile pic url http://a3.twimg.com/profile_images/326329803/quizzical_normal.jpg
file ages is Wed 17 Mar/2010 13:36
Wed 17 Mar/2010 13:36
looking for image /home/user/.witterPics/36915033.jpg
profile pic url http://a1.twimg.com/profile_images/206680712/meHat2_normal.jpg
file ages is Wed 17 Mar/2010 15:42
Wed 17 Mar/2010 15:42
reply to ChrisCottam
looking for image /home/user/.witterPics/19068456.jpg
profile pic url http://a1.twimg.com/profile_images/71613688/small_normal.jpg
file ages is Wed 17 Mar/2010 11:50
Wed 17 Mar/2010 11:50
looking for image /home/user/.witterPics/9129292.jpg
profile pic url http://a3.twimg.com/profile_images/64681351/IMG_3645small_normal.JPG
file ages is Wed 17 Mar/2010 11:50
Wed 17 Mar/2010 11:50
running tasks: 0
building menu
scroll to last known position
scroll to last known position
scroll to last known position
running tasks: 1
performing search
search url https://search.twitter.com/search.json?q=%23Witter
search result from userid: 99419696
looking for image /home/user/.witterPics/99419696.jpg
profile pic url 
io error
[Errno 2] No such file or directory: ''
search result from userid: 46148553
looking for image /home/user/.witterPics/46148553.jpg
profile pic url 
io error
[Errno 2] No such file or directory: ''
search result from userid: 3170201
looking for image /home/user/.witterPics/3170201.jpg
profile pic url 
io error
[Errno 2] No such file or directory: ''
search result from userid: 32998155
looking for image /home/user/.witterPics/32998155.jpg
profile pic url 
io error
[Errno 2] No such file or directory: ''
search result from userid: 3170201
looking for image /home/user/.witterPics/3170201.jpg
profile pic url 
io error
[Errno 2] No such file or directory: ''
search result from userid: 3170201
looking for image /home/user/.witterPics/3170201.jpg
profile pic url 
io error
[Errno 2] No such file or directory: ''
search result from userid: 3170201
looking for image /home/user/.witterPics/3170201.jpg
profile pic url 
io error
[Errno 2] No such file or directory: ''
search result from userid: 3170201
looking for image /home/user/.witterPics/3170201.jpg
profile pic url 
io error
[Errno 2] No such file or directory: ''
search result from userid: 1704326
looking for image /home/user/.witterPics/1704326.jpg
profile pic url 
io error
[Errno 2] No such file or directory: ''
search result from userid: 87189187
looking for image /home/user/.witterPics/87189187.jpg
profile pic url 
io error
[Errno 2] No such file or directory: ''
search result from userid: 7513272
looking for image /home/user/.witterPics/7513272.jpg
profile pic url 
io error
[Errno 2] No such file or directory: ''
search result from userid: 909379
looking for image /home/user/.witterPics/909379.jpg
profile pic url 
io error
[Errno 2] No such file or directory: ''
search result from userid: 33805109
looking for image /home/user/.witterPics/33805109.jpg
profile pic url 
io error
[Errno 2] No such file or directory: ''
23
search result from userid: 549910
looking for image /home/user/.witterPics/549910.jpg
profile pic url 
io error
[Errno 2] No such file or directory: ''
search result from userid: 6858942
looking for image /home/user/.witterPics/6858942.jpg
profile pic url 
io error
[Errno 2] No such file or directory: ''
search url https://search.twitter.com/search.json?q=+%23n900
search result from userid: 1349436
looking for image /home/user/.witterPics/1349436.jpg
profile pic url 
io error
[Errno 2] No such file or directory: ''
28
search result from userid: 18005857
looking for image /home/user/.witterPics/18005857.jpg
profile pic url 
io error
[Errno 2] No such file or directory: ''
28
search result from userid: 18005857
looking for image /home/user/.witterPics/18005857.jpg
profile pic url 
io error
[Errno 2] No such file or directory: ''
search result from userid: 6858942
looking for image /home/user/.witterPics/6858942.jpg
profile pic url 
io error
[Errno 2] No such file or directory: ''
search result from userid: 2798792
looking for image /home/user/.witterPics/2798792.jpg
profile pic url 
io error
[Errno 2] No such file or directory: ''
search result from userid: 3700524
looking for image /home/user/.witterPics/3700524.jpg
profile pic url 
io error
[Errno 2] No such file or directory: ''
search result from userid: 3700524
looking for image /home/user/.witterPics/3700524.jpg
profile pic url 
io error
[Errno 2] No such file or directory: ''
search result from userid: 116409
looking for image /home/user/.witterPics/116409.jpg
profile pic url 
io error
[Errno 2] No such file or directory: ''
search result from userid: 1349436
looking for image /home/user/.witterPics/1349436.jpg
profile pic url 
io error
[Errno 2] No such file or directory: ''
search result from userid: 6700349
looking for image /home/user/.witterPics/6700349.jpg
profile pic url 
io error
[Errno 2] No such file or directory: ''
35
search result from userid: 79778589
looking for image /home/user/.witterPics/79778589.jpg
profile pic url 
io error
[Errno 2] No such file or directory: ''
search result from userid: 2798792
looking for image /home/user/.witterPics/2798792.jpg
profile pic url 
io error
[Errno 2] No such file or directory: ''
search result from userid: 64032279
looking for image /home/user/.witterPics/64032279.jpg
profile pic url 
io error
[Errno 2] No such file or directory: ''
search result from userid: 64032279
looking for image /home/user/.witterPics/64032279.jpg
profile pic url 
io error
[Errno 2] No such file or directory: ''
search result from userid: 64032279
looking for image /home/user/.witterPics/64032279.jpg
profile pic url 
io error
[Errno 2] No such file or directory: ''
running tasks: 0
building menu
opening browser - maemo5 style
We tried to open a browser
running tasks: 1
running tasks: 2
getting dms
refreshing since10712834473
getting tweets with danielwould
base url = https://twitter.com/
base url of api object = https://twitter.com/
refreshing since10719324010
fetching tweets from https://twitter.com/statuses/friends_timeline.json
running tasks: 1
21
looking for image /home/user/.witterPics/12163272.jpg
profile pic url http://a1.twimg.com/profile_images/44066942/8bar_normal.JPG
file ages is Wed 17 Mar/2010 15:42
Wed 17 Mar/2010 15:42
running tasks: 0
running tasks: 1
getting mentions
refreshing since10712834473
running tasks: 0
running tasks: 1
getting dms
refreshing since10712834473
running tasks: 2
getting tweets with danielwould
base url = https://twitter.com/
base url of api object = https://twitter.com/
refreshing since10719804223
fetching tweets from https://twitter.com/statuses/friends_timeline.json
running tasks: 1
looking for image /home/user/.witterPics/14562419.jpg
profile pic url http://a3.twimg.com/profile_images/482951069/goodgravy_65_normal.jpg
file ages is Wed 17 Mar/2010 12:37
Wed 17 Mar/2010 12:37
looking for image /home/user/.witterPics/13700.jpg
profile pic url http://a3.twimg.com/profile_images/77554663/AdrianHeadshot_normal.jpg
file ages is Wed 17 Mar/2010 11:50
Wed 17 Mar/2010 11:50
running tasks: 0
running tasks: 1
getting mentions
refreshing since10712834473
running tasks: 0
running tasks: 1
getting dms
refreshing since10712834473
running tasks: 2
getting tweets with danielwould
base url = https://twitter.com/
base url of api object = https://twitter.com/
refreshing since10721323006
fetching tweets from https://twitter.com/statuses/friends_timeline.json
looking for image /home/user/.witterPics/9129292.jpg
profile pic url http://a3.twimg.com/profile_images/64681351/IMG_3645small_normal.JPG
file ages is Wed 17 Mar/2010 11:50
Wed 17 Mar/2010 11:50
running tasks: 1
running tasks: 0
running tasks: 1
getting mentions
refreshing since10712834473
running tasks: 0
running tasks: 1
getting tweets with danielwould
base url = https://twitter.com/
base url of api object = https://twitter.com/
refreshing since10721662739
fetching tweets from https://twitter.com/statuses/friends_timeline.json
running tasks: 2
getting dms
refreshing since10712834473
running tasks: 1
29
looking for image /home/user/.witterPics/20043839.jpg
profile pic url http://a1.twimg.com/profile_images/75311644/Southampton-Events_normal.jpg
file ages is Wed 17 Mar/2010 11:50
Wed 17 Mar/2010 11:50
looking for image /home/user/.witterPics/1077971.jpg
profile pic url http://a1.twimg.com/profile_images/536963972/DSC_0247_normal.jpg
file ages is Wed 17 Mar/2010 11:50
Wed 17 Mar/2010 11:50
looking for image /home/user/.witterPics/1077971.jpg
profile pic url http://a1.twimg.com/profile_images/536963972/DSC_0247_normal.jpg
file ages is Wed 17 Mar/2010 11:50
Wed 17 Mar/2010 11:50
looking for image /home/user/.witterPics/6705042.jpg
profile pic url http://a3.twimg.com/profile_images/70122555/n668387510_88777_2191_normal.jpg
file ages is Wed 17 Mar/2010 11:50
Wed 17 Mar/2010 11:50
looking for image /home/user/.witterPics/6705042.jpg
profile pic url http://a3.twimg.com/profile_images/70122555/n668387510_88777_2191_normal.jpg
file ages is Wed 17 Mar/2010 11:50
Wed 17 Mar/2010 11:50
looking for image /home/user/.witterPics/9129292.jpg
profile pic url http://a3.twimg.com/profile_images/64681351/IMG_3645small_normal.JPG
file ages is Wed 17 Mar/2010 11:50
Wed 17 Mar/2010 11:50
looking for image /home/user/.witterPics/786491.jpg
profile pic url http://a3.twimg.com/profile_images/574073603/andypiper-av-600sq_normal.jpg
file ages is Wed 17 Mar/2010 11:50
Wed 17 Mar/2010 11:50
looking for image /home/user/.witterPics/786491.jpg
profile pic url http://a3.twimg.com/profile_images/574073603/andypiper-av-600sq_normal.jpg
file ages is Wed 17 Mar/2010 11:50
Wed 17 Mar/2010 11:50
running tasks: 0
running tasks: 1
getting mentions
refreshing since10712834473
running tasks: 0
running tasks: 1
getting dms
refreshing since10712834473
running tasks: 2
getting tweets with danielwould
base url = https://twitter.com/
base url of api object = https://twitter.com/
refreshing since10723662580
fetching tweets from https://twitter.com/statuses/friends_timeline.json
running tasks: 1
25
looking for image /home/user/.witterPics/6705042.jpg
profile pic url http://a3.twimg.com/profile_images/70122555/n668387510_88777_2191_normal.jpg
file ages is Wed 17 Mar/2010 11:50
Wed 17 Mar/2010 11:50
looking for image /home/user/.witterPics/786491.jpg
profile pic url http://a3.twimg.com/profile_images/574073603/andypiper-av-600sq_normal.jpg
file ages is Wed 17 Mar/2010 11:50
Wed 17 Mar/2010 11:50
looking for image /home/user/.witterPics/786491.jpg
profile pic url http://a3.twimg.com/profile_images/574073603/andypiper-av-600sq_normal.jpg
file ages is Wed 17 Mar/2010 11:50
Wed 17 Mar/2010 11:50
looking for image /home/user/.witterPics/6705042.jpg
profile pic url http://a3.twimg.com/profile_images/70122555/n668387510_88777_2191_normal.jpg
file ages is Wed 17 Mar/2010 11:50
Wed 17 Mar/2010 11:50
looking for image /home/user/.witterPics/786491.jpg
profile pic url http://a3.twimg.com/profile_images/574073603/andypiper-av-600sq_normal.jpg
file ages is Wed 17 Mar/2010 11:50
Wed 17 Mar/2010 11:50
running tasks: 0
running tasks: 1
getting mentions
refreshing since10712834473
running tasks: 0
<hildon.Button object at 0x40a634e0 (HildonButton at 0x39d1f8)>
search
running tasks: 1
performing search
search url https://search.twitter.com/search.json?q=%23Witter
search result from userid: 99419696
looking for image /home/user/.witterPics/99419696.jpg
profile pic url 
io error
[Errno 2] No such file or directory: ''
search result from userid: 46148553
looking for image /home/user/.witterPics/46148553.jpg
profile pic url 
io error
[Errno 2] No such file or directory: ''
search result from userid: 3170201
looking for image /home/user/.witterPics/3170201.jpg
profile pic url 
io error
[Errno 2] No such file or directory: ''
search result from userid: 32998155
looking for image /home/user/.witterPics/32998155.jpg
profile pic url 
io error
[Errno 2] No such file or directory: ''
search result from userid: 3170201
looking for image /home/user/.witterPics/3170201.jpg
profile pic url 
io error
[Errno 2] No such file or directory: ''
search result from userid: 3170201
looking for image /home/user/.witterPics/3170201.jpg
profile pic url 
io error
[Errno 2] No such file or directory: ''
search result from userid: 3170201
looking for image /home/user/.witterPics/3170201.jpg
profile pic url 
io error
[Errno 2] No such file or directory: ''
search result from userid: 3170201
looking for image /home/user/.witterPics/3170201.jpg
profile pic url 
io error
[Errno 2] No such file or directory: ''
search result from userid: 1704326
looking for image /home/user/.witterPics/1704326.jpg
profile pic url 
io error
[Errno 2] No such file or directory: ''
search result from userid: 87189187
looking for image /home/user/.witterPics/87189187.jpg
profile pic url 
io error
[Errno 2] No such file or directory: ''
search result from userid: 7513272
looking for image /home/user/.witterPics/7513272.jpg
profile pic url 
io error
[Errno 2] No such file or directory: ''
search result from userid: 909379
looking for image /home/user/.witterPics/909379.jpg
profile pic url 
io error
[Errno 2] No such file or directory: ''
search result from userid: 33805109
looking for image /home/user/.witterPics/33805109.jpg
profile pic url 
io error
[Errno 2] No such file or directory: ''
23
search result from userid: 549910
looking for image /home/user/.witterPics/549910.jpg
profile pic url 
io error
[Errno 2] No such file or directory: ''
search result from userid: 6858942
looking for image /home/user/.witterPics/6858942.jpg
profile pic url 
io error
[Errno 2] No such file or directory: ''
search url https://search.twitter.com/search.json?q=+%23n900
search result from userid: 393589
looking for image /home/user/.witterPics/393589.jpg
profile pic url 
io error
[Errno 2] No such file or directory: ''
19
search result from userid: 85986609
looking for image /home/user/.witterPics/85986609.jpg
profile pic url 
io error
[Errno 2] No such file or directory: ''
search result from userid: 23979886
looking for image /home/user/.witterPics/23979886.jpg
profile pic url 
io error
[Errno 2] No such file or directory: ''
search result from userid: 103436041
looking for image /home/user/.witterPics/103436041.jpg
profile pic url 
io error
[Errno 2] No such file or directory: ''
27
search result from userid: 2144299
looking for image /home/user/.witterPics/2144299.jpg
profile pic url 
io error
[Errno 2] No such file or directory: ''
search result from userid: 905018
looking for image /home/user/.witterPics/905018.jpg
profile pic url 
io error
[Errno 2] No such file or directory: ''
search result from userid: 3170201
looking for image /home/user/.witterPics/3170201.jpg
profile pic url 
io error
[Errno 2] No such file or directory: ''
21
search result from userid: 94085183
looking for image /home/user/.witterPics/94085183.jpg
profile pic url 
io error
[Errno 2] No such file or directory: ''
21
search result from userid: 32070634
looking for image /home/user/.witterPics/32070634.jpg
profile pic url 
io error
[Errno 2] No such file or directory: ''
21
search result from userid: 2931369
looking for image /home/user/.witterPics/2931369.jpg
profile pic url 
io error
[Errno 2] No such file or directory: ''
search result from userid: 17136817
looking for image /home/user/.witterPics/17136817.jpg
profile pic url 
io error
[Errno 2] No such file or directory: ''
18
search result from userid: 17404316
looking for image /home/user/.witterPics/17404316.jpg
profile pic url 
io error
[Errno 2] No such file or directory: ''
search result from userid: 3293
looking for image /home/user/.witterPics/3293.jpg
profile pic url 
io error
[Errno 2] No such file or directory: ''
search result from userid: 18005857
looking for image /home/user/.witterPics/18005857.jpg
profile pic url 
io error
[Errno 2] No such file or directory: ''
search result from userid: 330423
looking for image /home/user/.witterPics/330423.jpg
profile pic url 
io error
[Errno 2] No such file or directory: ''
running tasks: 0
scroll to last known position
scroll to last known position
scroll to last known position
running tasks: 1
getting dms
refreshing since10712834473
running tasks: 2
getting tweets with danielwould
base url = https://twitter.com/
base url of api object = https://twitter.com/
refreshing since10724881416
fetching tweets from https://twitter.com/statuses/friends_timeline.json
running tasks: 1
looking for image /home/user/.witterPics/8947082.jpg
profile pic url http://a1.twimg.com/profile_images/401824794/laura1-square_normal.jpg
file ages is Wed 17 Mar/2010 13:43
Wed 17 Mar/2010 13:43
looking for image /home/user/.witterPics/6705042.jpg
profile pic url http://a3.twimg.com/profile_images/70122555/n668387510_88777_2191_normal.jpg
file ages is Wed 17 Mar/2010 11:50
Wed 17 Mar/2010 11:50
24
looking for image /home/user/.witterPics/18396070.jpg
profile pic url http://a1.twimg.com/profile_images/699481542/LB_Crossed_Arms_Moby_511_KB_normal.jpg
file ages is Wed 17 Mar/2010 15:42
Wed 17 Mar/2010 15:42
looking for image /home/user/.witterPics/6705042.jpg
profile pic url http://a3.twimg.com/profile_images/70122555/n668387510_88777_2191_normal.jpg
file ages is Wed 17 Mar/2010 11:50
Wed 17 Mar/2010 11:50
running tasks: 0
running tasks: 1
getting mentions
refreshing since10712834473
running tasks: 0
running tasks: 1
getting dms
refreshing since10712834473
running tasks: 2
getting tweets with danielwould
base url = https://twitter.com/
base url of api object = https://twitter.com/
refreshing since10726691166
fetching tweets from https://twitter.com/statuses/friends_timeline.json
reply to lauracowen
running tasks: 1
looking for image /home/user/.witterPics/36915033.jpg
profile pic url http://a1.twimg.com/profile_images/206680712/meHat2_normal.jpg
file ages is Wed 17 Mar/2010 15:42
Wed 17 Mar/2010 15:42
running tasks: 0
running tasks: 1
getting mentions
refreshing since10712834473
running tasks: 0
scroll to last known position
scroll to last known position
scroll to last known position
running tasks: 1
performing search
search url https://search.twitter.com/search.json?q=%23Witter
search url https://search.twitter.com/search.json?q=+%23n900
scroll to last known position
scroll to last known position
scroll to last known position
scroll to last known position
scroll to last known position
running tasks: 0
running tasks: 1
getting dms
refreshing since10712834473
running tasks: 0
running tasks: 1
getting tweets with danielwould
base url = https://twitter.com/
base url of api object = https://twitter.com/
refreshing since10726722700
fetching tweets from https://twitter.com/statuses/friends_timeline.json
looking for image /home/user/.witterPics/17925320.jpg
profile pic url http://a1.twimg.com/profile_images/72176000/osm_logo_normal.png
file ages is Wed 17 Mar/2010 11:50
Wed 17 Mar/2010 11:50
24
21
looking for image /home/user/.witterPics/787166.jpg
profile pic url http://a3.twimg.com/profile_images/583584155/rooreynolds_normal.jpg
file ages is Wed 17 Mar/2010 11:50
Wed 17 Mar/2010 11:50
looking for image /home/user/.witterPics/9129292.jpg
profile pic url http://a3.twimg.com/profile_images/64681351/IMG_3645small_normal.JPG
file ages is Wed 17 Mar/2010 11:50
Wed 17 Mar/2010 11:50
looking for image /home/user/.witterPics/17925320.jpg
profile pic url http://a1.twimg.com/profile_images/72176000/osm_logo_normal.png
file ages is Wed 17 Mar/2010 11:50
Wed 17 Mar/2010 11:50
looking for image /home/user/.witterPics/18713254.jpg
profile pic url http://a3.twimg.com/profile_images/650495417/IMG_8010_2_normal.jpg
file ages is Wed 17 Mar/2010 11:50
Wed 17 Mar/2010 11:50
looking for image /home/user/.witterPics/2544141.jpg
profile pic url http://a3.twimg.com/profile_images/369734307/avatar_normal.jpg
file ages is Wed 17 Mar/2010 15:42
Wed 17 Mar/2010 15:42
running tasks: 0
running tasks: 1
getting mentions
refreshing since10712834473
running tasks: 0
running tasks: 1
getting dms
refreshing since10712834473
running tasks: 0
running tasks: 1
getting tweets with danielwould
base url = https://twitter.com/
base url of api object = https://twitter.com/
refreshing since10729082068
fetching tweets from https://twitter.com/statuses/friends_timeline.json
looking for image /home/user/.witterPics/6705042.jpg
profile pic url http://a3.twimg.com/profile_images/70122555/n668387510_88777_2191_normal.jpg
file ages is Wed 17 Mar/2010 11:50
Wed 17 Mar/2010 11:50
looking for image /home/user/.witterPics/2544141.jpg
profile pic url http://a3.twimg.com/profile_images/369734307/avatar_normal.jpg
file ages is Wed 17 Mar/2010 15:42
Wed 17 